5/18/2024 1:59:56 PM [Thread:20352] [CreditFeedbackReceiver:ErrorEvent] (Error, High): IO Exception
System.IO.IOException: Unable to read data from the transport connection: An established connection was aborted by the software in your host machine. ---> System.Net.Sockets.SocketException: An established connection was aborted by the software in your host machine
   at System.Net.Sockets.NetworkStream.Read(Byte[] buffer, Int32 offset, Int32 size)
   --- End of inner exception stack trace ---
   at System.Net.Sockets.NetworkStream.Read(Byte[] buffer, Int32 offset, Int32 size)
   at System.Net.FixedSizeReader.ReadPacket(Byte[] buffer, Int32 offset, Int32 count)
   at System.Net.Security.NegotiateStream.StartFrameHeader(Byte[] buffer, Int32 offset, Int32 count, AsyncProtocolRequest asyncRequest)
   at System.Net.Security.NegotiateStream.ProcessRead(Byte[] buffer, Int32 offset, Int32 count, AsyncProtocolRequest asyncRequest)
   at System.Net.Security.NegotiateStream.Read(Byte[] buffer, Int32 offset, Int32 count)
   at System.IO.BufferedStream.ReadByte()
   at Microsoft.SqlServer.DataWarehouse.DataMovement.DataChannel.Credit.CreditFeedbackReceiver.Run()
5/18/2024 1:59:56 PM [Thread:4896] [DataChannelReceiver:ErrorEvent] (Error, High): IO Exception, remoteNode: LAPTOP-R6GO7FIS:CHUKINT 
System.IO.IOException: Unable to read data from the transport connection: An established connection was aborted by the software in your host machine. ---> System.Net.Sockets.SocketException: An established connection was aborted by the software in your host machine
   at System.Net.Sockets.NetworkStream.Read(Byte[] buffer, Int32 offset, Int32 size)
   --- End of inner exception stack trace ---
   at System.Net.Sockets.NetworkStream.Read(Byte[] buffer, Int32 offset, Int32 size)
   at System.Net.FixedSizeReader.ReadPacket(Byte[] buffer, Int32 offset, Int32 count)
   at System.Net.Security.NegotiateStream.StartFrameHeader(Byte[] buffer, Int32 offset, Int32 count, AsyncProtocolRequest asyncRequest)
   at System.Net.Security.NegotiateStream.ProcessRead(Byte[] buffer, Int32 offset, Int32 count, AsyncProtocolRequest asyncRequest)
   at System.Net.Security.NegotiateStream.Read(Byte[] buffer, Int32 offset, Int32 count)
   at System.IO.BufferedStream.ReadByte()
   at Microsoft.SqlServer.DataWarehouse.DataMovement.DataChannel.DataChannelReceiver.Run()
5/18/2024 1:59:56 PM [Thread:20296] [ControlChannel:ErrorEvent] (Error, High): Closing control channel with node LOCALHOST|16450|True due to error on message queue.
System.Runtime.Serialization.SerializationException: End of Stream encountered before parsing was completed.
   at System.Runtime.Serialization.Formatters.Binary.__BinaryParser.Run()
   at System.Runtime.Serialization.Formatters.Binary.ObjectReader.Deserialize(HeaderHandler handler, __BinaryParser serParser, Boolean fCheck, Boolean isCrossAppDomain, IMethodCallMessage methodCallMessage)
   at System.Runtime.Serialization.Formatters.Binary.BinaryFormatter.Deserialize(Stream serializationStream, HeaderHandler handler, Boolean fCheck, Boolean isCrossAppDomain, IMethodCallMessage methodCallMessage)
   at System.Runtime.Serialization.Formatters.Binary.BinaryFormatter.Deserialize(Stream serializationStream)
   at Microsoft.SqlServer.DataWarehouse.DataMovement.MessagingProtocol.Serializer`1.Receive(Stream stream)
   at Microsoft.SqlServer.DataWarehouse.DataMovement.MessagingProtocol.AbstractControlChannelConnection.ReceiveInternal[T]()
   at Microsoft.SqlServer.DataWarehouse.DataMovement.MessagingProtocol.ControlMessageQueue.TryReceive(IControlChannelConnection receiveConnection, IProtocolMessage& message)
   at Microsoft.SqlServer.DataWarehouse.DataMovement.MessagingProtocol.ControlMessageQueue.ReceiveMessageWithRetries(CancellationToken queueToken, IControlChannelConnection& receiveConnection)
   at Microsoft.SqlServer.DataWarehouse.DataMovement.MessagingProtocol.ControlMessageQueue.ReceiveIncomingMessages()
5/18/2024 7:35:25 PM [Thread:16008] [CreditFeedbackReceiver:ErrorEvent] (Error, High): IO Exception
System.IO.IOException: Unable to read data from the transport connection: An established connection was aborted by the software in your host machine. ---> System.Net.Sockets.SocketException: An established connection was aborted by the software in your host machine
   at System.Net.Sockets.NetworkStream.Read(Byte[] buffer, Int32 offset, Int32 size)
   --- End of inner exception stack trace ---
   at System.Net.Sockets.NetworkStream.Read(Byte[] buffer, Int32 offset, Int32 size)
   at System.Net.FixedSizeReader.ReadPacket(Byte[] buffer, Int32 offset, Int32 count)
   at System.Net.Security.NegotiateStream.StartFrameHeader(Byte[] buffer, Int32 offset, Int32 count, AsyncProtocolRequest asyncRequest)
   at System.Net.Security.NegotiateStream.ProcessRead(Byte[] buffer, Int32 offset, Int32 count, AsyncProtocolRequest asyncRequest)
   at System.Net.Security.NegotiateStream.Read(Byte[] buffer, Int32 offset, Int32 count)
   at System.IO.BufferedStream.ReadByte()
   at Microsoft.SqlServer.DataWarehouse.DataMovement.DataChannel.Credit.CreditFeedbackReceiver.Run()
5/18/2024 7:35:25 PM [Thread:15392] [DataChannelReceiver:ErrorEvent] (Error, High): IO Exception, remoteNode: LAPTOP-R6GO7FIS:CHUKINT 
System.IO.IOException: Unable to read data from the transport connection: An established connection was aborted by the software in your host machine. ---> System.Net.Sockets.SocketException: An established connection was aborted by the software in your host machine
   at System.Net.Sockets.NetworkStream.Read(Byte[] buffer, Int32 offset, Int32 size)
   --- End of inner exception stack trace ---
   at System.Net.Sockets.NetworkStream.Read(Byte[] buffer, Int32 offset, Int32 size)
   at System.Net.FixedSizeReader.ReadPacket(Byte[] buffer, Int32 offset, Int32 count)
   at System.Net.Security.NegotiateStream.StartFrameHeader(Byte[] buffer, Int32 offset, Int32 count, AsyncProtocolRequest asyncRequest)
   at System.Net.Security.NegotiateStream.ProcessRead(Byte[] buffer, Int32 offset, Int32 count, AsyncProtocolRequest asyncRequest)
   at System.Net.Security.NegotiateStream.Read(Byte[] buffer, Int32 offset, Int32 count)
   at System.IO.BufferedStream.ReadByte()
   at Microsoft.SqlServer.DataWarehouse.DataMovement.DataChannel.DataChannelReceiver.Run()
5/18/2024 7:35:25 PM [Thread:32] [ControlChannel:ErrorEvent] (Error, High): Closing control channel with node LOCALHOST|16450|True due to error on message queue.
System.Runtime.Serialization.SerializationException: End of Stream encountered before parsing was completed.
   at System.Runtime.Serialization.Formatters.Binary.__BinaryParser.Run()
   at System.Runtime.Serialization.Formatters.Binary.ObjectReader.Deserialize(HeaderHandler handler, __BinaryParser serParser, Boolean fCheck, Boolean isCrossAppDomain, IMethodCallMessage methodCallMessage)
   at System.Runtime.Serialization.Formatters.Binary.BinaryFormatter.Deserialize(Stream serializationStream, HeaderHandler handler, Boolean fCheck, Boolean isCrossAppDomain, IMethodCallMessage methodCallMessage)
   at System.Runtime.Serialization.Formatters.Binary.BinaryFormatter.Deserialize(Stream serializationStream)
   at Microsoft.SqlServer.DataWarehouse.DataMovement.MessagingProtocol.Serializer`1.Receive(Stream stream)
   at Microsoft.SqlServer.DataWarehouse.DataMovement.MessagingProtocol.AbstractControlChannelConnection.ReceiveInternal[T]()
   at Microsoft.SqlServer.DataWarehouse.DataMovement.MessagingProtocol.ControlMessageQueue.TryReceive(IControlChannelConnection receiveConnection, IProtocolMessage& message)
   at Microsoft.SqlServer.DataWarehouse.DataMovement.MessagingProtocol.ControlMessageQueue.ReceiveMessageWithRetries(CancellationToken queueToken, IControlChannelConnection& receiveConnection)
   at Microsoft.SqlServer.DataWarehouse.DataMovement.MessagingProtocol.ControlMessageQueue.ReceiveIncomingMessages()
5/18/2024 10:28:36 PM [Thread:13376] [DataChannelReceiver:ErrorEvent] (Error, High): IO Exception, remoteNode: LAPTOP-R6GO7FIS:CHUKINT 
System.IO.IOException: Unable to read data from the transport connection: An established connection was aborted by the software in your host machine. ---> System.Net.Sockets.SocketException: An established connection was aborted by the software in your host machine
   at System.Net.Sockets.NetworkStream.Read(Byte[] buffer, Int32 offset, Int32 size)
   --- End of inner exception stack trace ---
   at System.Net.Sockets.NetworkStream.Read(Byte[] buffer, Int32 offset, Int32 size)
   at System.Net.FixedSizeReader.ReadPacket(Byte[] buffer, Int32 offset, Int32 count)
   at System.Net.Security.NegotiateStream.StartFrameHeader(Byte[] buffer, Int32 offset, Int32 count, AsyncProtocolRequest asyncRequest)
   at System.Net.Security.NegotiateStream.ProcessRead(Byte[] buffer, Int32 offset, Int32 count, AsyncProtocolRequest asyncRequest)
   at System.Net.Security.NegotiateStream.Read(Byte[] buffer, Int32 offset, Int32 count)
   at System.IO.BufferedStream.ReadByte()
   at Microsoft.SqlServer.DataWarehouse.DataMovement.DataChannel.DataChannelReceiver.Run()
5/18/2024 10:28:36 PM [Thread:16768] [CreditFeedbackReceiver:ErrorEvent] (Error, High): IO Exception
System.IO.IOException: Unable to read data from the transport connection: An established connection was aborted by the software in your host machine. ---> System.Net.Sockets.SocketException: An established connection was aborted by the software in your host machine
   at System.Net.Sockets.NetworkStream.Read(Byte[] buffer, Int32 offset, Int32 size)
   --- End of inner exception stack trace ---
   at System.Net.Sockets.NetworkStream.Read(Byte[] buffer, Int32 offset, Int32 size)
   at System.Net.FixedSizeReader.ReadPacket(Byte[] buffer, Int32 offset, Int32 count)
   at System.Net.Security.NegotiateStream.StartFrameHeader(Byte[] buffer, Int32 offset, Int32 count, AsyncProtocolRequest asyncRequest)
   at System.Net.Security.NegotiateStream.ProcessRead(Byte[] buffer, Int32 offset, Int32 count, AsyncProtocolRequest asyncRequest)
   at System.Net.Security.NegotiateStream.Read(Byte[] buffer, Int32 offset, Int32 count)
   at System.IO.BufferedStream.ReadByte()
   at Microsoft.SqlServer.DataWarehouse.DataMovement.DataChannel.Credit.CreditFeedbackReceiver.Run()
5/18/2024 10:28:36 PM [Thread:13084] [ControlChannel:ErrorEvent] (Error, High): Closing control channel with node LOCALHOST|16450|True due to error on message queue.
System.Runtime.Serialization.SerializationException: End of Stream encountered before parsing was completed.
   at System.Runtime.Serialization.Formatters.Binary.__BinaryParser.Run()
   at System.Runtime.Serialization.Formatters.Binary.ObjectReader.Deserialize(HeaderHandler handler, __BinaryParser serParser, Boolean fCheck, Boolean isCrossAppDomain, IMethodCallMessage methodCallMessage)
   at System.Runtime.Serialization.Formatters.Binary.BinaryFormatter.Deserialize(Stream serializationStream, HeaderHandler handler, Boolean fCheck, Boolean isCrossAppDomain, IMethodCallMessage methodCallMessage)
   at System.Runtime.Serialization.Formatters.Binary.BinaryFormatter.Deserialize(Stream serializationStream)
   at Microsoft.SqlServer.DataWarehouse.DataMovement.MessagingProtocol.Serializer`1.Receive(Stream stream)
   at Microsoft.SqlServer.DataWarehouse.DataMovement.MessagingProtocol.AbstractControlChannelConnection.ReceiveInternal[T]()
   at Microsoft.SqlServer.DataWarehouse.DataMovement.MessagingProtocol.ControlMessageQueue.TryReceive(IControlChannelConnection receiveConnection, IProtocolMessage& message)
   at Microsoft.SqlServer.DataWarehouse.DataMovement.MessagingProtocol.ControlMessageQueue.ReceiveMessageWithRetries(CancellationToken queueToken, IControlChannelConnection& receiveConnection)
   at Microsoft.SqlServer.DataWarehouse.DataMovement.MessagingProtocol.ControlMessageQueue.ReceiveIncomingMessages()
5/18/2024 10:34:13 PM [Thread:9304] [DataChannelReceiver:ErrorEvent] (Error, High): IO Exception, remoteNode: LAPTOP-R6GO7FIS:CHUKINT 
System.IO.IOException: Unable to read data from the transport connection: An established connection was aborted by the software in your host machine. ---> System.Net.Sockets.SocketException: An established connection was aborted by the software in your host machine
   at System.Net.Sockets.NetworkStream.Read(Byte[] buffer, Int32 offset, Int32 size)
   --- End of inner exception stack trace ---
   at System.Net.Sockets.NetworkStream.Read(Byte[] buffer, Int32 offset, Int32 size)
   at System.Net.FixedSizeReader.ReadPacket(Byte[] buffer, Int32 offset, Int32 count)
   at System.Net.Security.NegotiateStream.StartFrameHeader(Byte[] buffer, Int32 offset, Int32 count, AsyncProtocolRequest asyncRequest)
   at System.Net.Security.NegotiateStream.ProcessRead(Byte[] buffer, Int32 offset, Int32 count, AsyncProtocolRequest asyncRequest)
   at System.Net.Security.NegotiateStream.Read(Byte[] buffer, Int32 offset, Int32 count)
   at System.IO.BufferedStream.ReadByte()
   at Microsoft.SqlServer.DataWarehouse.DataMovement.DataChannel.DataChannelReceiver.Run()
5/18/2024 10:34:13 PM [Thread:4624] [CreditFeedbackReceiver:ErrorEvent] (Error, High): IO Exception
System.IO.IOException: Unable to read data from the transport connection: An established connection was aborted by the software in your host machine. ---> System.Net.Sockets.SocketException: An established connection was aborted by the software in your host machine
   at System.Net.Sockets.NetworkStream.Read(Byte[] buffer, Int32 offset, Int32 size)
   --- End of inner exception stack trace ---
   at System.Net.Sockets.NetworkStream.Read(Byte[] buffer, Int32 offset, Int32 size)
   at System.Net.FixedSizeReader.ReadPacket(Byte[] buffer, Int32 offset, Int32 count)
   at System.Net.Security.NegotiateStream.StartFrameHeader(Byte[] buffer, Int32 offset, Int32 count, AsyncProtocolRequest asyncRequest)
   at System.Net.Security.NegotiateStream.ProcessRead(Byte[] buffer, Int32 offset, Int32 count, AsyncProtocolRequest asyncRequest)
   at System.Net.Security.NegotiateStream.Read(Byte[] buffer, Int32 offset, Int32 count)
   at System.IO.BufferedStream.ReadByte()
   at Microsoft.SqlServer.DataWarehouse.DataMovement.DataChannel.Credit.CreditFeedbackReceiver.Run()
5/18/2024 10:34:13 PM [Thread:4624] [ControlChannel:ErrorEvent] (Error, High): Closing control channel with node LOCALHOST|16450|True due to error on message queue.
System.Runtime.Serialization.SerializationException: End of Stream encountered before parsing was completed.
   at System.Runtime.Serialization.Formatters.Binary.__BinaryParser.Run()
   at System.Runtime.Serialization.Formatters.Binary.ObjectReader.Deserialize(HeaderHandler handler, __BinaryParser serParser, Boolean fCheck, Boolean isCrossAppDomain, IMethodCallMessage methodCallMessage)
   at System.Runtime.Serialization.Formatters.Binary.BinaryFormatter.Deserialize(Stream serializationStream, HeaderHandler handler, Boolean fCheck, Boolean isCrossAppDomain, IMethodCallMessage methodCallMessage)
   at System.Runtime.Serialization.Formatters.Binary.BinaryFormatter.Deserialize(Stream serializationStream)
   at Microsoft.SqlServer.DataWarehouse.DataMovement.MessagingProtocol.Serializer`1.Receive(Stream stream)
   at Microsoft.SqlServer.DataWarehouse.DataMovement.MessagingProtocol.AbstractControlChannelConnection.ReceiveInternal[T]()
   at Microsoft.SqlServer.DataWarehouse.DataMovement.MessagingProtocol.ControlMessageQueue.TryReceive(IControlChannelConnection receiveConnection, IProtocolMessage& message)
   at Microsoft.SqlServer.DataWarehouse.DataMovement.MessagingProtocol.ControlMessageQueue.ReceiveMessageWithRetries(CancellationToken queueToken, IControlChannelConnection& receiveConnection)
   at Microsoft.SqlServer.DataWarehouse.DataMovement.MessagingProtocol.ControlMessageQueue.ReceiveIncomingMessages()
5/19/2024 9:25:57 AM [Thread:3856] [CreditFeedbackReceiver:ErrorEvent] (Error, High): IO Exception
System.IO.IOException: Unable to read data from the transport connection: An established connection was aborted by the software in your host machine. ---> System.Net.Sockets.SocketException: An established connection was aborted by the software in your host machine
   at System.Net.Sockets.NetworkStream.Read(Byte[] buffer, Int32 offset, Int32 size)
   --- End of inner exception stack trace ---
   at System.Net.Sockets.NetworkStream.Read(Byte[] buffer, Int32 offset, Int32 size)
   at System.Net.FixedSizeReader.ReadPacket(Byte[] buffer, Int32 offset, Int32 count)
   at System.Net.Security.NegotiateStream.StartFrameHeader(Byte[] buffer, Int32 offset, Int32 count, AsyncProtocolRequest asyncRequest)
   at System.Net.Security.NegotiateStream.ProcessRead(Byte[] buffer, Int32 offset, Int32 count, AsyncProtocolRequest asyncRequest)
   at System.Net.Security.NegotiateStream.Read(Byte[] buffer, Int32 offset, Int32 count)
   at System.IO.BufferedStream.ReadByte()
   at Microsoft.SqlServer.DataWarehouse.DataMovement.DataChannel.Credit.CreditFeedbackReceiver.Run()
5/19/2024 9:25:57 AM [Thread:16888] [DataChannelReceiver:ErrorEvent] (Error, High): IO Exception, remoteNode: LAPTOP-R6GO7FIS:CHUKINT 
System.IO.IOException: Unable to read data from the transport connection: An established connection was aborted by the software in your host machine. ---> System.Net.Sockets.SocketException: An established connection was aborted by the software in your host machine
   at System.Net.Sockets.NetworkStream.Read(Byte[] buffer, Int32 offset, Int32 size)
   --- End of inner exception stack trace ---
   at System.Net.Sockets.NetworkStream.Read(Byte[] buffer, Int32 offset, Int32 size)
   at System.Net.FixedSizeReader.ReadPacket(Byte[] buffer, Int32 offset, Int32 count)
   at System.Net.Security.NegotiateStream.StartFrameHeader(Byte[] buffer, Int32 offset, Int32 count, AsyncProtocolRequest asyncRequest)
   at System.Net.Security.NegotiateStream.ProcessRead(Byte[] buffer, Int32 offset, Int32 count, AsyncProtocolRequest asyncRequest)
   at System.Net.Security.NegotiateStream.Read(Byte[] buffer, Int32 offset, Int32 count)
   at System.IO.BufferedStream.ReadByte()
   at Microsoft.SqlServer.DataWarehouse.DataMovement.DataChannel.DataChannelReceiver.Run()
5/19/2024 9:25:57 AM [Thread:3856] [ControlChannel:ErrorEvent] (Error, High): Closing control channel with node LOCALHOST|16450|True due to error on message queue.
System.Runtime.Serialization.SerializationException: End of Stream encountered before parsing was completed.
   at System.Runtime.Serialization.Formatters.Binary.__BinaryParser.Run()
   at System.Runtime.Serialization.Formatters.Binary.ObjectReader.Deserialize(HeaderHandler handler, __BinaryParser serParser, Boolean fCheck, Boolean isCrossAppDomain, IMethodCallMessage methodCallMessage)
   at System.Runtime.Serialization.Formatters.Binary.BinaryFormatter.Deserialize(Stream serializationStream, HeaderHandler handler, Boolean fCheck, Boolean isCrossAppDomain, IMethodCallMessage methodCallMessage)
   at System.Runtime.Serialization.Formatters.Binary.BinaryFormatter.Deserialize(Stream serializationStream)
   at Microsoft.SqlServer.DataWarehouse.DataMovement.MessagingProtocol.Serializer`1.Receive(Stream stream)
   at Microsoft.SqlServer.DataWarehouse.DataMovement.MessagingProtocol.AbstractControlChannelConnection.ReceiveInternal[T]()
   at Microsoft.SqlServer.DataWarehouse.DataMovement.MessagingProtocol.ControlMessageQueue.TryReceive(IControlChannelConnection receiveConnection, IProtocolMessage& message)
   at Microsoft.SqlServer.DataWarehouse.DataMovement.MessagingProtocol.ControlMessageQueue.ReceiveMessageWithRetries(CancellationToken queueToken, IControlChannelConnection& receiveConnection)
   at Microsoft.SqlServer.DataWarehouse.DataMovement.MessagingProtocol.ControlMessageQueue.ReceiveIncomingMessages()
5/19/2024 7:17:29 PM [Thread:12976] [CreditFeedbackReceiver:ErrorEvent] (Error, High): IO Exception
System.IO.IOException: Unable to read data from the transport connection: An established connection was aborted by the software in your host machine. ---> System.Net.Sockets.SocketException: An established connection was aborted by the software in your host machine
   at System.Net.Sockets.NetworkStream.Read(Byte[] buffer, Int32 offset, Int32 size)
   --- End of inner exception stack trace ---
   at System.Net.Sockets.NetworkStream.Read(Byte[] buffer, Int32 offset, Int32 size)
   at System.Net.FixedSizeReader.ReadPacket(Byte[] buffer, Int32 offset, Int32 count)
   at System.Net.Security.NegotiateStream.StartFrameHeader(Byte[] buffer, Int32 offset, Int32 count, AsyncProtocolRequest asyncRequest)
   at System.Net.Security.NegotiateStream.ProcessRead(Byte[] buffer, Int32 offset, Int32 count, AsyncProtocolRequest asyncRequest)
   at System.Net.Security.NegotiateStream.Read(Byte[] buffer, Int32 offset, Int32 count)
   at System.IO.BufferedStream.ReadByte()
   at Microsoft.SqlServer.DataWarehouse.DataMovement.DataChannel.Credit.CreditFeedbackReceiver.Run()
5/19/2024 7:17:29 PM [Thread:6000] [DataChannelReceiver:ErrorEvent] (Error, High): IO Exception, remoteNode: LAPTOP-R6GO7FIS:CHUKINT 
System.IO.IOException: Unable to read data from the transport connection: An established connection was aborted by the software in your host machine. ---> System.Net.Sockets.SocketException: An established connection was aborted by the software in your host machine
   at System.Net.Sockets.NetworkStream.Read(Byte[] buffer, Int32 offset, Int32 size)
   --- End of inner exception stack trace ---
   at System.Net.Sockets.NetworkStream.Read(Byte[] buffer, Int32 offset, Int32 size)
   at System.Net.FixedSizeReader.ReadPacket(Byte[] buffer, Int32 offset, Int32 count)
   at System.Net.Security.NegotiateStream.StartFrameHeader(Byte[] buffer, Int32 offset, Int32 count, AsyncProtocolRequest asyncRequest)
   at System.Net.Security.NegotiateStream.ProcessRead(Byte[] buffer, Int32 offset, Int32 count, AsyncProtocolRequest asyncRequest)
   at System.Net.Security.NegotiateStream.Read(Byte[] buffer, Int32 offset, Int32 count)
   at System.IO.BufferedStream.ReadByte()
   at Microsoft.SqlServer.DataWarehouse.DataMovement.DataChannel.DataChannelReceiver.Run()
5/19/2024 7:17:29 PM [Thread:3216] [ControlChannel:ErrorEvent] (Error, High): Closing control channel with node LOCALHOST|16450|True due to error on message queue.
System.Runtime.Serialization.SerializationException: End of Stream encountered before parsing was completed.
   at System.Runtime.Serialization.Formatters.Binary.__BinaryParser.Run()
   at System.Runtime.Serialization.Formatters.Binary.ObjectReader.Deserialize(HeaderHandler handler, __BinaryParser serParser, Boolean fCheck, Boolean isCrossAppDomain, IMethodCallMessage methodCallMessage)
   at System.Runtime.Serialization.Formatters.Binary.BinaryFormatter.Deserialize(Stream serializationStream, HeaderHandler handler, Boolean fCheck, Boolean isCrossAppDomain, IMethodCallMessage methodCallMessage)
   at System.Runtime.Serialization.Formatters.Binary.BinaryFormatter.Deserialize(Stream serializationStream)
   at Microsoft.SqlServer.DataWarehouse.DataMovement.MessagingProtocol.Serializer`1.Receive(Stream stream)
   at Microsoft.SqlServer.DataWarehouse.DataMovement.MessagingProtocol.AbstractControlChannelConnection.ReceiveInternal[T]()
   at Microsoft.SqlServer.DataWarehouse.DataMovement.MessagingProtocol.ControlMessageQueue.TryReceive(IControlChannelConnection receiveConnection, IProtocolMessage& message)
   at Microsoft.SqlServer.DataWarehouse.DataMovement.MessagingProtocol.ControlMessageQueue.ReceiveMessageWithRetries(CancellationToken queueToken, IControlChannelConnection& receiveConnection)
   at Microsoft.SqlServer.DataWarehouse.DataMovement.MessagingProtocol.ControlMessageQueue.ReceiveIncomingMessages()
